  Origem.cpp
C:\Program Files (x86)\Windows Kits\10\Include\10.0.19041.0\um\GL\gl.h(1157,11): error C2144: erro de sintaxe: 'void' deve ser precedido por ';'
C:\Program Files (x86)\Windows Kits\10\Include\10.0.19041.0\um\GL\gl.h(1157,16): error C4430: faltando especificador de tipo - int assumido. Observação: C++ não suporta default-int
C:\Program Files (x86)\Windows Kits\10\Include\10.0.19041.0\um\GL\gl.h(1157,16): error C2182: 'APIENTRY': este uso de 'void' não é válido
C:\Program Files (x86)\Windows Kits\10\Include\10.0.19041.0\um\GL\gl.h(1157,25): error C2146: erro de sintaxe: ';' ausente antes do identificador 'glAccum'
C:\Program Files (x86)\Windows Kits\10\Include\10.0.19041.0\um\GL\gl.h(1157,59): error C4430: faltando especificador de tipo - int assumido. Observação: C++ não suporta default-int
C:\Program Files (x86)\Windows Kits\10\Include\10.0.19041.0\um\GL\gl.h(1158,11): error C2144: erro de sintaxe: 'void' deve ser precedido por ';'
C:\Program Files (x86)\Windows Kits\10\Include\10.0.19041.0\um\GL\gl.h(1158,16): error C4430: faltando especificador de tipo - int assumido. Observação: C++ não suporta default-int
C:\Program Files (x86)\Windows Kits\10\Include\10.0.19041.0\um\GL\gl.h(1158,1): error C2086: 'int WINGDIAPI': redefinição
C:\Program Files (x86)\Windows Kits\10\Include\10.0.19041.0\um\GL\gl.h(1157): message : consulte a declaração de 'WINGDIAPI'
C:\Program Files (x86)\Windows Kits\10\Include\10.0.19041.0\um\GL\gl.h(1158,16): error C2182: 'APIENTRY': este uso de 'void' não é válido
C:\Program Files (x86)\Windows Kits\10\Include\10.0.19041.0\um\GL\gl.h(1158,16): error C2086: 'int APIENTRY': redefinição
C:\Program Files (x86)\Windows Kits\10\Include\10.0.19041.0\um\GL\gl.h(1157): message : consulte a declaração de 'APIENTRY'
C:\Program Files (x86)\Windows Kits\10\Include\10.0.19041.0\um\GL\gl.h(1158,25): error C2146: erro de sintaxe: ';' ausente antes do identificador 'glAlphaFunc'
C:\Program Files (x86)\Windows Kits\10\Include\10.0.19041.0\um\GL\gl.h(1158,64): error C4430: faltando especificador de tipo - int assumido. Observação: C++ não suporta default-int
C:\Program Files (x86)\Windows Kits\10\Include\10.0.19041.0\um\GL\gl.h(1159,21): error C4430: faltando especificador de tipo - int assumido. Observação: C++ não suporta default-int
C:\Program Files (x86)\Windows Kits\10\Include\10.0.19041.0\um\GL\gl.h(1159,1): error C2086: 'int WINGDIAPI': redefinição
C:\Program Files (x86)\Windows Kits\10\Include\10.0.19041.0\um\GL\gl.h(1157): message : consulte a declaração de 'WINGDIAPI'
C:\Program Files (x86)\Windows Kits\10\Include\10.0.19041.0\um\GL\gl.h(1159,11): error C2146: erro de sintaxe: ';' ausente antes do identificador 'GLboolean'
C:\Program Files (x86)\Windows Kits\10\Include\10.0.19041.0\um\GL\gl.h(1160,11): error C2144: erro de sintaxe: 'void' deve ser precedido por ';'
C:\Program Files (x86)\Windows Kits\10\Include\10.0.19041.0\um\GL\gl.h(1160,16): error C4430: faltando especificador de tipo - int assumido. Observação: C++ não suporta default-int
C:\Program Files (x86)\Windows Kits\10\Include\10.0.19041.0\um\GL\gl.h(1160,1): error C2086: 'int WINGDIAPI': redefinição
C:\Program Files (x86)\Windows Kits\10\Include\10.0.19041.0\um\GL\gl.h(1157): message : consulte a declaração de 'WINGDIAPI'
C:\Program Files (x86)\Windows Kits\10\Include\10.0.19041.0\um\GL\gl.h(1160,16): error C2182: 'APIENTRY': este uso de 'void' não é válido
C:\Program Files (x86)\Windows Kits\10\Include\10.0.19041.0\um\GL\gl.h(1160,16): error C2086: 'int APIENTRY': redefinição
C:\Program Files (x86)\Windows Kits\10\Include\10.0.19041.0\um\GL\gl.h(1157): message : consulte a declaração de 'APIENTRY'
C:\Program Files (x86)\Windows Kits\10\Include\10.0.19041.0\um\GL\gl.h(1160,25): error C2146: erro de sintaxe: ';' ausente antes do identificador 'glArrayElement'
C:\Program Files (x86)\Windows Kits\10\Include\10.0.19041.0\um\GL\gl.h(1160,49): error C4430: faltando especificador de tipo - int assumido. Observação: C++ não suporta default-int
C:\Program Files (x86)\Windows Kits\10\Include\10.0.19041.0\um\GL\gl.h(1161,11): error C2144: erro de sintaxe: 'void' deve ser precedido por ';'
C:\Program Files (x86)\Windows Kits\10\Include\10.0.19041.0\um\GL\gl.h(1161,16): error C4430: faltando especificador de tipo - int assumido. Observação: C++ não suporta default-int
C:\Program Files (x86)\Windows Kits\10\Include\10.0.19041.0\um\GL\gl.h(1161,1): error C2086: 'int WINGDIAPI': redefinição
C:\Program Files (x86)\Windows Kits\10\Include\10.0.19041.0\um\GL\gl.h(1157): message : consulte a declaração de 'WINGDIAPI'
C:\Program Files (x86)\Windows Kits\10\Include\10.0.19041.0\um\GL\gl.h(1161,16): error C2182: 'APIENTRY': este uso de 'void' não é válido
C:\Program Files (x86)\Windows Kits\10\Include\10.0.19041.0\um\GL\gl.h(1161,16): error C2086: 'int APIENTRY': redefinição
C:\Program Files (x86)\Windows Kits\10\Include\10.0.19041.0\um\GL\gl.h(1157): message : consulte a declaração de 'APIENTRY'
C:\Program Files (x86)\Windows Kits\10\Include\10.0.19041.0\um\GL\gl.h(1161,25): error C2146: erro de sintaxe: ';' ausente antes do identificador 'glBegin'
C:\Program Files (x86)\Windows Kits\10\Include\10.0.19041.0\um\GL\gl.h(1161,46): error C4430: faltando especificador de tipo - int assumido. Observação: C++ não suporta default-int
C:\Program Files (x86)\Windows Kits\10\Include\10.0.19041.0\um\GL\gl.h(1162,11): error C2144: erro de sintaxe: 'void' deve ser precedido por ';'
C:\Program Files (x86)\Windows Kits\10\Include\10.0.19041.0\um\GL\gl.h(1162,16): error C4430: faltando especificador de tipo - int assumido. Observação: C++ não suporta default-int
C:\Program Files (x86)\Windows Kits\10\Include\10.0.19041.0\um\GL\gl.h(1162,1): error C2086: 'int WINGDIAPI': redefinição
C:\Program Files (x86)\Windows Kits\10\Include\10.0.19041.0\um\GL\gl.h(1157): message : consulte a declaração de 'WINGDIAPI'
C:\Program Files (x86)\Windows Kits\10\Include\10.0.19041.0\um\GL\gl.h(1162,16): error C2182: 'APIENTRY': este uso de 'void' não é válido
C:\Program Files (x86)\Windows Kits\10\Include\10.0.19041.0\um\GL\gl.h(1162,16): error C2086: 'int APIENTRY': redefinição
C:\Program Files (x86)\Windows Kits\10\Include\10.0.19041.0\um\GL\gl.h(1157): message : consulte a declaração de 'APIENTRY'
C:\Program Files (x86)\Windows Kits\10\Include\10.0.19041.0\um\GL\gl.h(1162,25): error C2146: erro de sintaxe: ';' ausente antes do identificador 'glBindTexture'
C:\Program Files (x86)\Windows Kits\10\Include\10.0.19041.0\um\GL\gl.h(1162,70): error C4430: faltando especificador de tipo - int assumido. Observação: C++ não suporta default-int
C:\Program Files (x86)\Windows Kits\10\Include\10.0.19041.0\um\GL\gl.h(1163,11): error C2144: erro de sintaxe: 'void' deve ser precedido por ';'
C:\Program Files (x86)\Windows Kits\10\Include\10.0.19041.0\um\GL\gl.h(1163,16): error C4430: faltando especificador de tipo - int assumido. Observação: C++ não suporta default-int
C:\Program Files (x86)\Windows Kits\10\Include\10.0.19041.0\um\GL\gl.h(1163,1): error C2086: 'int WINGDIAPI': redefinição
C:\Program Files (x86)\Windows Kits\10\Include\10.0.19041.0\um\GL\gl.h(1157): message : consulte a declaração de 'WINGDIAPI'
C:\Program Files (x86)\Windows Kits\10\Include\10.0.19041.0\um\GL\gl.h(1163,16): error C2182: 'APIENTRY': este uso de 'void' não é válido
C:\Program Files (x86)\Windows Kits\10\Include\10.0.19041.0\um\GL\gl.h(1163,16): error C2086: 'int APIENTRY': redefinição
C:\Program Files (x86)\Windows Kits\10\Include\10.0.19041.0\um\GL\gl.h(1157): message : consulte a declaração de 'APIENTRY'
C:\Program Files (x86)\Windows Kits\10\Include\10.0.19041.0\um\GL\gl.h(1163,25): error C2146: erro de sintaxe: ';' ausente antes do identificador 'glBitmap'
C:\Program Files (x86)\Windows Kits\10\Include\10.0.19041.0\um\GL\gl.h(1163,148): error C4430: faltando especificador de tipo - int assumido. Observação: C++ não suporta default-int
C:\Program Files (x86)\Windows Kits\10\Include\10.0.19041.0\um\GL\gl.h(1164,11): error C2144: erro de sintaxe: 'void' deve ser precedido por ';'
C:\Program Files (x86)\Windows Kits\10\Include\10.0.19041.0\um\GL\gl.h(1164,16): error C4430: faltando especificador de tipo - int assumido. Observação: C++ não suporta default-int
C:\Program Files (x86)\Windows Kits\10\Include\10.0.19041.0\um\GL\gl.h(1164,1): error C2086: 'int WINGDIAPI': redefinição
C:\Program Files (x86)\Windows Kits\10\Include\10.0.19041.0\um\GL\gl.h(1157): message : consulte a declaração de 'WINGDIAPI'
C:\Program Files (x86)\Windows Kits\10\Include\10.0.19041.0\um\GL\gl.h(1164,16): error C2182: 'APIENTRY': este uso de 'void' não é válido
C:\Program Files (x86)\Windows Kits\10\Include\10.0.19041.0\um\GL\gl.h(1164,16): error C2086: 'int APIENTRY': redefinição
C:\Program Files (x86)\Windows Kits\10\Include\10.0.19041.0\um\GL\gl.h(1157): message : consulte a declaração de 'APIENTRY'
C:\Program Files (x86)\Windows Kits\10\Include\10.0.19041.0\um\GL\gl.h(1164,25): error C2146: erro de sintaxe: ';' ausente antes do identificador 'glBlendFunc'
C:\Program Files (x86)\Windows Kits\10\Include\10.0.19041.0\um\GL\gl.h(1164,69): error C4430: faltando especificador de tipo - int assumido. Observação: C++ não suporta default-int
C:\Program Files (x86)\Windows Kits\10\Include\10.0.19041.0\um\GL\gl.h(1165,11): error C2144: erro de sintaxe: 'void' deve ser precedido por ';'
C:\Program Files (x86)\Windows Kits\10\Include\10.0.19041.0\um\GL\gl.h(1165,16): error C4430: faltando especificador de tipo - int assumido. Observação: C++ não suporta default-int
C:\Program Files (x86)\Windows Kits\10\Include\10.0.19041.0\um\GL\gl.h(1165,1): error C2086: 'int WINGDIAPI': redefinição
C:\Program Files (x86)\Windows Kits\10\Include\10.0.19041.0\um\GL\gl.h(1157): message : consulte a declaração de 'WINGDIAPI'
C:\Program Files (x86)\Windows Kits\10\Include\10.0.19041.0\um\GL\gl.h(1165,16): error C2182: 'APIENTRY': este uso de 'void' não é válido
C:\Program Files (x86)\Windows Kits\10\Include\10.0.19041.0\um\GL\gl.h(1165,16): error C2086: 'int APIENTRY': redefinição
C:\Program Files (x86)\Windows Kits\10\Include\10.0.19041.0\um\GL\gl.h(1157): message : consulte a declaração de 'APIENTRY'
C:\Program Files (x86)\Windows Kits\10\Include\10.0.19041.0\um\GL\gl.h(1165,25): error C2146: erro de sintaxe: ';' ausente antes do identificador 'glCallList'
C:\Program Files (x86)\Windows Kits\10\Include\10.0.19041.0\um\GL\gl.h(1165,49): error C4430: faltando especificador de tipo - int assumido. Observação: C++ não suporta default-int
C:\Program Files (x86)\Windows Kits\10\Include\10.0.19041.0\um\GL\gl.h(1166,11): error C2144: erro de sintaxe: 'void' deve ser precedido por ';'
C:\Program Files (x86)\Windows Kits\10\Include\10.0.19041.0\um\GL\gl.h(1166,16): error C4430: faltando especificador de tipo - int assumido. Observação: C++ não suporta default-int
C:\Program Files (x86)\Windows Kits\10\Include\10.0.19041.0\um\GL\gl.h(1166,1): error C2086: 'int WINGDIAPI': redefinição
C:\Program Files (x86)\Windows Kits\10\Include\10.0.19041.0\um\GL\gl.h(1157): message : consulte a declaração de 'WINGDIAPI'
C:\Program Files (x86)\Windows Kits\10\Include\10.0.19041.0\um\GL\gl.h(1166,16): error C2182: 'APIENTRY': este uso de 'void' não é válido
C:\Program Files (x86)\Windows Kits\10\Include\10.0.19041.0\um\GL\gl.h(1166,16): error C2086: 'int APIENTRY': redefinição
C:\Program Files (x86)\Windows Kits\10\Include\10.0.19041.0\um\GL\gl.h(1157): message : consulte a declaração de 'APIENTRY'
C:\Program Files (x86)\Windows Kits\10\Include\10.0.19041.0\um\GL\gl.h(1166,25): error C2146: erro de sintaxe: ';' ausente antes do identificador 'glCallLists'
C:\Program Files (x86)\Windows Kits\10\Include\10.0.19041.0\um\GL\gl.h(1166,82): error C4430: faltando especificador de tipo - int assumido. Observação: C++ não suporta default-int
C:\Program Files (x86)\Windows Kits\10\Include\10.0.19041.0\um\GL\gl.h(1167,11): error C2144: erro de sintaxe: 'void' deve ser precedido por ';'
C:\Program Files (x86)\Windows Kits\10\Include\10.0.19041.0\um\GL\gl.h(1167,16): error C4430: faltando especificador de tipo - int assumido. Observação: C++ não suporta default-int
C:\Program Files (x86)\Windows Kits\10\Include\10.0.19041.0\um\GL\gl.h(1167,1): error C2086: 'int WINGDIAPI': redefinição
C:\Program Files (x86)\Windows Kits\10\Include\10.0.19041.0\um\GL\gl.h(1157): message : consulte a declaração de 'WINGDIAPI'
C:\Program Files (x86)\Windows Kits\10\Include\10.0.19041.0\um\GL\gl.h(1167,16): error C2182: 'APIENTRY': este uso de 'void' não é válido
C:\Program Files (x86)\Windows Kits\10\Include\10.0.19041.0\um\GL\gl.h(1167,16): error C2086: 'int APIENTRY': redefinição
C:\Program Files (x86)\Windows Kits\10\Include\10.0.19041.0\um\GL\gl.h(1157): message : consulte a declaração de 'APIENTRY'
C:\Program Files (x86)\Windows Kits\10\Include\10.0.19041.0\um\GL\gl.h(1167,25): error C2146: erro de sintaxe: ';' ausente antes do identificador 'glClear'
C:\Program Files (x86)\Windows Kits\10\Include\10.0.19041.0\um\GL\gl.h(1167,50): error C4430: faltando especificador de tipo - int assumido. Observação: C++ não suporta default-int
C:\Program Files (x86)\Windows Kits\10\Include\10.0.19041.0\um\GL\gl.h(1168,11): error C2144: erro de sintaxe: 'void' deve ser precedido por ';'
C:\Program Files (x86)\Windows Kits\10\Include\10.0.19041.0\um\GL\gl.h(1168,16): error C4430: faltando especificador de tipo - int assumido. Observação: C++ não suporta default-int
C:\Program Files (x86)\Windows Kits\10\Include\10.0.19041.0\um\GL\gl.h(1168,1): error C2086: 'int WINGDIAPI': redefinição
C:\Program Files (x86)\Windows Kits\10\Include\10.0.19041.0\um\GL\gl.h(1157): message : consulte a declaração de 'WINGDIAPI'
C:\Program Files (x86)\Windows Kits\10\Include\10.0.19041.0\um\GL\gl.h(1168,16): error C2182: 'APIENTRY': este uso de 'void' não é válido
C:\Program Files (x86)\Windows Kits\10\Include\10.0.19041.0\um\GL\gl.h(1168,16): error C2086: 'int APIENTRY': redefinição
C:\Program Files (x86)\Windows Kits\10\Include\10.0.19041.0\um\GL\gl.h(1157): message : consulte a declaração de 'APIENTRY'
C:\Program Files (x86)\Windows Kits\10\Include\10.0.19041.0\um\GL\gl.h(1168,25): error C2146: erro de sintaxe: ';' ausente antes do identificador 'glClearAccum'
C:\Program Files (x86)\Windows Kits\10\Include\10.0.19041.0\um\GL\gl.h(1168,95): error C4430: faltando especificador de tipo - int assumido. Observação: C++ não suporta default-int
C:\Program Files (x86)\Windows Kits\10\Include\10.0.19041.0\um\GL\gl.h(1169,11): error C2144: erro de sintaxe: 'void' deve ser precedido por ';'
C:\Program Files (x86)\Windows Kits\10\Include\10.0.19041.0\um\GL\gl.h(1169,16): error C4430: faltando especificador de tipo - int assumido. Observação: C++ não suporta default-int
C:\Program Files (x86)\Windows Kits\10\Include\10.0.19041.0\um\GL\gl.h(1169,1): error C2086: 'int WINGDIAPI': redefinição
C:\Program Files (x86)\Windows Kits\10\Include\10.0.19041.0\um\GL\gl.h(1157): message : consulte a declaração de 'WINGDIAPI'
C:\Program Files (x86)\Windows Kits\10\Include\10.0.19041.0\um\GL\gl.h(1169,16): error C2182: 'APIENTRY': este uso de 'void' não é válido
C:\Program Files (x86)\Windows Kits\10\Include\10.0.19041.0\um\GL\gl.h(1169,16): error C2086: 'int APIENTRY': redefinição
C:\Program Files (x86)\Windows Kits\10\Include\10.0.19041.0\um\GL\gl.h(1157): message : consulte a declaração de 'APIENTRY'
C:\Program Files (x86)\Windows Kits\10\Include\10.0.19041.0\um\GL\gl.h(1169,25): error C2146: erro de sintaxe: ';' ausente antes do identificador 'glClearColor'
C:\Program Files (x86)\Windows Kits\10\Include\10.0.19041.0\um\GL\gl.h(1169,99): error C4430: faltando especificador de tipo - int assumido. Observação: C++ não suporta default-int
C:\Program Files (x86)\Windows Kits\10\Include\10.0.19041.0\um\GL\gl.h(1170,11): error C2144: erro de sintaxe: 'void' deve ser precedido por ';'
C:\Program Files (x86)\Windows Kits\10\Include\10.0.19041.0\um\GL\gl.h(1170,16): error C4430: faltando especificador de tipo - int assumido. Observação: C++ não suporta default-int
C:\Program Files (x86)\Windows Kits\10\Include\10.0.19041.0\um\GL\gl.h(1170,1): error C2086: 'int WINGDIAPI': redefinição
C:\Program Files (x86)\Windows Kits\10\Include\10.0.19041.0\um\GL\gl.h(1157): message : consulte a declaração de 'WINGDIAPI'
C:\Program Files (x86)\Windows Kits\10\Include\10.0.19041.0\um\GL\gl.h(1170,16): error C2182: 'APIENTRY': este uso de 'void' não é válido
C:\Program Files (x86)\Windows Kits\10\Include\10.0.19041.0\um\GL\gl.h(1170,16): error C2086: 'int APIENTRY': redefinição
C:\Program Files (x86)\Windows Kits\10\Include\10.0.19041.0\um\GL\gl.h(1157): message : consulte a declaração de 'APIENTRY'
C:\Program Files (x86)\Windows Kits\10\Include\10.0.19041.0\um\GL\gl.h(1170,25): error C2146: erro de sintaxe: ';' ausente antes do identificador 'glClearDepth'
C:\Program Files (x86)\Windows Kits\10\Include\10.0.19041.0\um\GL\gl.h(1170,54): error C4430: faltando especificador de tipo - int assumido. Observação: C++ não suporta default-int
C:\Program Files (x86)\Windows Kits\10\Include\10.0.19041.0\um\GL\gl.h(1171,11): error C2144: erro de sintaxe: 'void' deve ser precedido por ';'
C:\Program Files (x86)\Windows Kits\10\Include\10.0.19041.0\um\GL\gl.h(1171,16): error C4430: faltando especificador de tipo - int assumido. Observação: C++ não suporta default-int
C:\Program Files (x86)\Windows Kits\10\Include\10.0.19041.0\um\GL\gl.h(1171,1): error C2086: 'int WINGDIAPI': redefinição
C:\Program Files (x86)\Windows Kits\10\Include\10.0.19041.0\um\GL\gl.h(1157): message : consulte a declaração de 'WINGDIAPI'
C:\Program Files (x86)\Windows Kits\10\Include\10.0.19041.0\um\GL\gl.h(1171,16): error C2182: 'APIENTRY': este uso de 'void' não é válido
C:\Program Files (x86)\Windows Kits\10\Include\10.0.19041.0\um\GL\gl.h(1171,16): error C2086: 'int APIENTRY': redefinição
C:\Program Files (x86)\Windows Kits\10\Include\10.0.19041.0\um\GL\gl.h(1157): message : consulte a declaração de 'APIENTRY'
C:\Program Files (x86)\Windows Kits\10\Include\10.0.19041.0\um\GL\gl.h(1171,25): error C2146: erro de sintaxe: ';' ausente antes do identificador 'glClearIndex'
C:\Program Files (x86)\Windows Kits\10\Include\10.0.19041.0\um\GL\gl.h(1171,49): error C4430: faltando especificador de tipo - int assumido. Observação: C++ não suporta default-int
C:\Program Files (x86)\Windows Kits\10\Include\10.0.19041.0\um\GL\gl.h(1172,11): error C2144: erro de sintaxe: 'void' deve ser precedido por ';'
C:\Program Files (x86)\Windows Kits\10\Include\10.0.19041.0\um\GL\gl.h(1172,16): error C4430: faltando especificador de tipo - int assumido. Observação: C++ não suporta default-int
C:\Program Files (x86)\Windows Kits\10\Include\10.0.19041.0\um\GL\gl.h(1172,1): error C2086: 'int WINGDIAPI': redefinição
C:\Program Files (x86)\Windows Kits\10\Include\10.0.19041.0\um\GL\gl.h(1157): message : consulte a declaração de 'WINGDIAPI'
C:\Program Files (x86)\Windows Kits\10\Include\10.0.19041.0\um\GL\gl.h(1172,16): error C2182: 'APIENTRY': este uso de 'void' não é válido
C:\Program Files (x86)\Windows Kits\10\Include\10.0.19041.0\um\GL\gl.h(1172,16): error C2086: 'int APIENTRY': redefinição
C:\Program Files (x86)\Windows Kits\10\Include\10.0.19041.0\um\GL\gl.h(1157): message : consulte a declaração de 'APIENTRY'
C:\Program Files (x86)\Windows Kits\10\Include\10.0.19041.0\um\GL\gl.h(1172,25): error C2146: erro de sintaxe: ';' ausente antes do identificador 'glClearStencil'
C:\Program Files (x86)\Windows Kits\10\Include\10.0.19041.0\um\GL\gl.h(1172,49): error C4430: faltando especificador de tipo - int assumido. Observação: C++ não suporta default-int
C:\Program Files (x86)\Windows Kits\10\Include\10.0.19041.0\um\GL\gl.h(1173,11): error C2144: erro de sintaxe: 'void' deve ser precedido por ';'
C:\Program Files (x86)\Windows Kits\10\Include\10.0.19041.0\um\GL\gl.h(1173,16): error C4430: faltando especificador de tipo - int assumido. Observação: C++ não suporta default-int
C:\Program Files (x86)\Windows Kits\10\Include\10.0.19041.0\um\GL\gl.h(1173,1): error C2086: 'int WINGDIAPI': redefinição
C:\Program Files (x86)\Windows Kits\10\Include\10.0.19041.0\um\GL\gl.h(1157): message : consulte a declaração de 'WINGDIAPI'
C:\Program Files (x86)\Windows Kits\10\Include\10.0.19041.0\um\GL\gl.h(1173,16): error C2182: 'APIENTRY': este uso de 'void' não é válido
C:\Program Files (x86)\Windows Kits\10\Include\10.0.19041.0\um\GL\gl.h(1173,16): error C2086: 'int APIENTRY': redefinição
C:\Program Files (x86)\Windows Kits\10\Include\10.0.19041.0\um\GL\gl.h(1157): message : consulte a declaração de 'APIENTRY'
C:\Program Files (x86)\Windows Kits\10\Include\10.0.19041.0\um\GL\gl.h(1173,25): error C2146: erro de sintaxe: ';' ausente antes do identificador 'glClipPlane'
C:\Program Files (x86)\Windows Kits\10\Include\10.0.19041.0\um\GL\gl.h(1173,77): error C4430: faltando especificador de tipo - int assumido. Observação: C++ não suporta default-int
C:\Program Files (x86)\Windows Kits\10\Include\10.0.19041.0\um\GL\gl.h(1174,11): error C2144: erro de sintaxe: 'void' deve ser precedido por ';'
C:\Program Files (x86)\Windows Kits\10\Include\10.0.19041.0\um\GL\gl.h(1174,16): error C4430: faltando especificador de tipo - int assumido. Observação: C++ não suporta default-int
C:\Program Files (x86)\Windows Kits\10\Include\10.0.19041.0\um\GL\gl.h(1174,1): error C2086: 'int WINGDIAPI': redefinição
C:\Program Files (x86)\Windows Kits\10\Include\10.0.19041.0\um\GL\gl.h(1157): message : consulte a declaração de 'WINGDIAPI'
C:\Program Files (x86)\Windows Kits\10\Include\10.0.19041.0\um\GL\gl.h(1174,16): error C2182: 'APIENTRY': este uso de 'void' não é válido
C:\Program Files (x86)\Windows Kits\10\Include\10.0.19041.0\um\GL\gl.h(1174,16): error C2086: 'int APIENTRY': redefinição
C:\Program Files (x86)\Windows Kits\10\Include\10.0.19041.0\um\GL\gl.h(1157): message : consulte a declaração de 'APIENTRY'
C:\Program Files (x86)\Windows Kits\10\Include\10.0.19041.0\um\GL\gl.h(1174,25): error C2146: erro de sintaxe: ';' ausente antes do identificador 'glColor3b'
C:\Program Files (x86)\Windows Kits\10\Include\10.0.19041.0\um\GL\gl.h(1174,74): error C4430: faltando especificador de tipo - int assumido. Observação: C++ não suporta default-int
C:\Program Files (x86)\Windows Kits\10\Include\10.0.19041.0\um\GL\gl.h(1175,11): error C2144: erro de sintaxe: 'void' deve ser precedido por ';'
C:\Program Files (x86)\Windows Kits\10\Include\10.0.19041.0\um\GL\gl.h(1175,16): error C4430: faltando especificador de tipo - int assumido. Observação: C++ não suporta default-int
C:\Program Files (x86)\Windows Kits\10\Include\10.0.19041.0\um\GL\gl.h(1175,1): error C2086: 'int WINGDIAPI': redefinição
C:\Program Files (x86)\Windows Kits\10\Include\10.0.19041.0\um\GL\gl.h(1157): message : consulte a declaração de 'WINGDIAPI'
C:\Program Files (x86)\Windows Kits\10\Include\10.0.19041.0\um\GL\gl.h(1175,16): error C2182: 'APIENTRY': este uso de 'void' não é válido
C:\Program Files (x86)\Windows Kits\10\Include\10.0.19041.0\um\GL\gl.h(1175,16): error C2086: 'int APIENTRY': redefinição
C:\Program Files (x86)\Windows Kits\10\Include\10.0.19041.0\um\GL\gl.h(1157): message : consulte a declaração de 'APIENTRY'
C:\Program Files (x86)\Windows Kits\10\Include\10.0.19041.0\um\GL\gl.h(1175,25): error C2146: erro de sintaxe: ';' ausente antes do identificador 'glColor3bv'
C:\Program Files (x86)\Windows Kits\10\Include\10.0.19041.0\um\GL\gl.h(1175,53): error C4430: faltando especificador de tipo - int assumido. Observação: C++ não suporta default-int
C:\Program Files (x86)\Windows Kits\10\Include\10.0.19041.0\um\GL\gl.h(1176,11): error C2144: erro de sintaxe: 'void' deve ser precedido por ';'
C:\Program Files (x86)\Windows Kits\10\Include\10.0.19041.0\um\GL\gl.h(1176,16): error C4430: faltando especificador de tipo - int assumido. Observação: C++ não suporta default-int
C:\Program Files (x86)\Windows Kits\10\Include\10.0.19041.0\um\GL\gl.h(1176,1): error C2086: 'int WINGDIAPI': redefinição
C:\Program Files (x86)\Windows Kits\10\Include\10.0.19041.0\um\GL\gl.h(1157): message : consulte a declaração de 'WINGDIAPI'
C:\Program Files (x86)\Windows Kits\10\Include\10.0.19041.0\um\GL\gl.h(1176,16): error C2182: 'APIENTRY': este uso de 'void' não é válido
C:\Program Files (x86)\Windows Kits\10\Include\10.0.19041.0\um\GL\gl.h(1176,16): error C2086: 'int APIENTRY': redefinição
C:\Program Files (x86)\Windows Kits\10\Include\10.0.19041.0\um\GL\gl.h(1157): message : consulte a declaração de 'APIENTRY'
C:\Program Files (x86)\Windows Kits\10\Include\10.0.19041.0\um\GL\gl.h(1176,25): error C2146: erro de sintaxe: ';' ausente antes do identificador 'glColor3d'
C:\Program Files (x86)\Windows Kits\10\Include\10.0.19041.0\um\GL\gl.h(1176,80): error C4430: faltando especificador de tipo - int assumido. Observação: C++ não suporta default-int
C:\Program Files (x86)\Windows Kits\10\Include\10.0.19041.0\um\GL\gl.h(1177,11): error C2144: erro de sintaxe: 'void' deve ser precedido por ';'
C:\Program Files (x86)\Windows Kits\10\Include\10.0.19041.0\um\GL\gl.h(1177,16): error C4430: faltando especificador de tipo - int assumido. Observação: C++ não suporta default-int
C:\Program Files (x86)\Windows Kits\10\Include\10.0.19041.0\um\GL\gl.h(1177,1): error C2086: 'int WINGDIAPI': redefinição
C:\Program Files (x86)\Windows Kits\10\Include\10.0.19041.0\um\GL\gl.h(1157): message : consulte a declaração de 'WINGDIAPI'
C:\Program Files (x86)\Windows Kits\10\Include\10.0.19041.0\um\GL\gl.h(1177,16): error C2182: 'APIENTRY': este uso de 'void' não é válido
C:\Program Files (x86)\Windows Kits\10\Include\10.0.19041.0\um\GL\gl.h(1177,16): error C2086: 'int APIENTRY': redefinição
C:\Program Files (x86)\Windows Kits\10\Include\10.0.19041.0\um\GL\gl.h(1157): message : consulte a declaração de 'APIENTRY'
C:\Program Files (x86)\Windows Kits\10\Include\10.0.19041.0\um\GL\gl.h(1177,25): error C2146: erro de sintaxe: ';' ausente antes do identificador 'glColor3dv'
C:\Program Files (x86)\Windows Kits\10\Include\10.0.19041.0\um\GL\gl.h(1177,55): error C4430: faltando especificador de tipo - int assumido. Observação: C++ não suporta default-int
C:\Program Files (x86)\Windows Kits\10\Include\10.0.19041.0\um\GL\gl.h(1178,11): error C2144: erro de sintaxe: 'void' deve ser precedido por ';'
C:\Program Files (x86)\Windows Kits\10\Include\10.0.19041.0\um\GL\gl.h(1178,16): fatal error C1003: contador de erros excede 100; interrompendo compilação
